[0.610s] Invoking command in '/home/ingibirka/pepsi_ws/src/py_server': PYTHONPATH=/home/ingibirka/pepsi_ws/src/build/py_server/prefix_override:/usr/lib/python3/dist-packages/colcon_core/task/python/colcon_distutils_commands:/home/ingibirka/pepsi_ws/src/install/py_server/lib/python3.10/site-packages:${PYTHONPATH} /usr/bin/python3 -W ignore:setup.py install is deprecated -W ignore:easy_install command is deprecated setup.py egg_info --egg-base ../build/py_server build --build-base /home/ingibirka/pepsi_ws/src/build/py_server/build install --record /home/ingibirka/pepsi_ws/src/build/py_server/install.log --single-version-externally-managed install_data
[0.788s] running egg_info
[0.789s] creating ../build/py_server/py_server.egg-info
[0.789s] writing ../build/py_server/py_server.egg-info/PKG-INFO
[0.789s] writing dependency_links to ../build/py_server/py_server.egg-info/dependency_links.txt
[0.789s] writing entry points to ../build/py_server/py_server.egg-info/entry_points.txt
[0.789s] writing requirements to ../build/py_server/py_server.egg-info/requires.txt
[0.789s] writing top-level names to ../build/py_server/py_server.egg-info/top_level.txt
[0.790s] writing manifest file '../build/py_server/py_server.egg-info/SOURCES.txt'
[0.791s] reading manifest file '../build/py_server/py_server.egg-info/SOURCES.txt'
[0.791s] adding license file 'LICENSE'
[0.791s] writing manifest file '../build/py_server/py_server.egg-info/SOURCES.txt'
[0.791s] running build
[0.792s] running build_py
[0.792s] creating /home/ingibirka/pepsi_ws/src/build/py_server/build
[0.792s] creating /home/ingibirka/pepsi_ws/src/build/py_server/build/lib
[0.792s] creating /home/ingibirka/pepsi_ws/src/build/py_server/build/lib/py_server
[0.792s] copying py_server/service.py -> /home/ingibirka/pepsi_ws/src/build/py_server/build/lib/py_server
[0.792s] copying py_server/__init__.py -> /home/ingibirka/pepsi_ws/src/build/py_server/build/lib/py_server
[0.792s] copying py_server/client.py -> /home/ingibirka/pepsi_ws/src/build/py_server/build/lib/py_server
[0.792s] running install
[0.793s] running install_lib
[0.793s] creating /home/ingibirka/pepsi_ws/src/install/py_server/lib/python3.10/site-packages/py_server
[0.794s] copying /home/ingibirka/pepsi_ws/src/build/py_server/build/lib/py_server/service.py -> /home/ingibirka/pepsi_ws/src/install/py_server/lib/python3.10/site-packages/py_server
[0.794s] copying /home/ingibirka/pepsi_ws/src/build/py_server/build/lib/py_server/__init__.py -> /home/ingibirka/pepsi_ws/src/install/py_server/lib/python3.10/site-packages/py_server
[0.794s] copying /home/ingibirka/pepsi_ws/src/build/py_server/build/lib/py_server/client.py -> /home/ingibirka/pepsi_ws/src/install/py_server/lib/python3.10/site-packages/py_server
[0.794s] byte-compiling /home/ingibirka/pepsi_ws/src/install/py_server/lib/python3.10/site-packages/py_server/service.py to service.cpython-310.pyc
[0.794s] byte-compiling /home/ingibirka/pepsi_ws/src/install/py_server/lib/python3.10/site-packages/py_server/__init__.py to __init__.cpython-310.pyc
[0.795s] byte-compiling /home/ingibirka/pepsi_ws/src/install/py_server/lib/python3.10/site-packages/py_server/client.py to client.cpython-310.pyc
[0.795s] running install_data
[0.796s] creating /home/ingibirka/pepsi_ws/src/install/py_server/share/ament_index
[0.796s] creating /home/ingibirka/pepsi_ws/src/install/py_server/share/ament_index/resource_index
[0.796s] creating /home/ingibirka/pepsi_ws/src/install/py_server/share/ament_index/resource_index/packages
[0.796s] copying resource/py_server -> /home/ingibirka/pepsi_ws/src/install/py_server/share/ament_index/resource_index/packages
[0.796s] copying package.xml -> /home/ingibirka/pepsi_ws/src/install/py_server/share/py_server
[0.796s] running install_egg_info
[0.797s] Copying ../build/py_server/py_server.egg-info to /home/ingibirka/pepsi_ws/src/install/py_server/lib/python3.10/site-packages/py_server-0.0.0-py3.10.egg-info
[0.799s] running install_scripts
[0.814s] Installing client script to /home/ingibirka/pepsi_ws/src/install/py_server/lib/py_server
[0.814s] Installing server script to /home/ingibirka/pepsi_ws/src/install/py_server/lib/py_server
[0.815s] writing list of installed files to '/home/ingibirka/pepsi_ws/src/build/py_server/install.log'
[0.832s] Invoked command in '/home/ingibirka/pepsi_ws/src/py_server' returned '0': PYTHONPATH=/home/ingibirka/pepsi_ws/src/build/py_server/prefix_override:/usr/lib/python3/dist-packages/colcon_core/task/python/colcon_distutils_commands:/home/ingibirka/pepsi_ws/src/install/py_server/lib/python3.10/site-packages:${PYTHONPATH} /usr/bin/python3 -W ignore:setup.py install is deprecated -W ignore:easy_install command is deprecated setup.py egg_info --egg-base ../build/py_server build --build-base /home/ingibirka/pepsi_ws/src/build/py_server/build install --record /home/ingibirka/pepsi_ws/src/build/py_server/install.log --single-version-externally-managed install_data
