[0.559s] Invoking command in '/home/ingibirka/pepsi_ws/src/py_server': PYTHONPATH=/home/ingibirka/pepsi_ws/src/py_server/build/py_server/prefix_override:/usr/lib/python3/dist-packages/colcon_core/task/python/colcon_distutils_commands:/home/ingibirka/pepsi_ws/src/py_server/install/py_server/lib/python3.10/site-packages:${PYTHONPATH} /usr/bin/python3 -W ignore:setup.py install is deprecated -W ignore:easy_install command is deprecated setup.py egg_info --egg-base build/py_server build --build-base /home/ingibirka/pepsi_ws/src/py_server/build/py_server/build install --record /home/ingibirka/pepsi_ws/src/py_server/build/py_server/install.log --single-version-externally-managed install_data
[0.734s] running egg_info
[0.735s] creating build/py_server/py_server.egg-info
[0.736s] writing build/py_server/py_server.egg-info/PKG-INFO
[0.736s] writing dependency_links to build/py_server/py_server.egg-info/dependency_links.txt
[0.736s] writing entry points to build/py_server/py_server.egg-info/entry_points.txt
[0.737s] writing requirements to build/py_server/py_server.egg-info/requires.txt
[0.737s] writing top-level names to build/py_server/py_server.egg-info/top_level.txt
[0.737s] writing manifest file 'build/py_server/py_server.egg-info/SOURCES.txt'
[0.738s] reading manifest file 'build/py_server/py_server.egg-info/SOURCES.txt'
[0.738s] adding license file 'LICENSE'
[0.739s] writing manifest file 'build/py_server/py_server.egg-info/SOURCES.txt'
[0.739s] running build
[0.739s] running build_py
[0.739s] creating /home/ingibirka/pepsi_ws/src/py_server/build/py_server/build
[0.739s] creating /home/ingibirka/pepsi_ws/src/py_server/build/py_server/build/lib
[0.739s] creating /home/ingibirka/pepsi_ws/src/py_server/build/py_server/build/lib/py_server
[0.739s] copying py_server/service.py -> /home/ingibirka/pepsi_ws/src/py_server/build/py_server/build/lib/py_server
[0.739s] copying py_server/__init__.py -> /home/ingibirka/pepsi_ws/src/py_server/build/py_server/build/lib/py_server
[0.739s] copying py_server/client.py -> /home/ingibirka/pepsi_ws/src/py_server/build/py_server/build/lib/py_server
[0.740s] running install
[0.740s] running install_lib
[0.741s] creating /home/ingibirka/pepsi_ws/src/py_server/install/py_server/lib/python3.10/site-packages/py_server
[0.741s] copying /home/ingibirka/pepsi_ws/src/py_server/build/py_server/build/lib/py_server/service.py -> /home/ingibirka/pepsi_ws/src/py_server/install/py_server/lib/python3.10/site-packages/py_server
[0.741s] copying /home/ingibirka/pepsi_ws/src/py_server/build/py_server/build/lib/py_server/__init__.py -> /home/ingibirka/pepsi_ws/src/py_server/install/py_server/lib/python3.10/site-packages/py_server
[0.741s] copying /home/ingibirka/pepsi_ws/src/py_server/build/py_server/build/lib/py_server/client.py -> /home/ingibirka/pepsi_ws/src/py_server/install/py_server/lib/python3.10/site-packages/py_server
[0.741s] byte-compiling /home/ingibirka/pepsi_ws/src/py_server/install/py_server/lib/python3.10/site-packages/py_server/service.py to service.cpython-310.pyc
[0.742s] byte-compiling /home/ingibirka/pepsi_ws/src/py_server/install/py_server/lib/python3.10/site-packages/py_server/__init__.py to __init__.cpython-310.pyc
[0.742s] byte-compiling /home/ingibirka/pepsi_ws/src/py_server/install/py_server/lib/python3.10/site-packages/py_server/client.py to client.cpython-310.pyc
[0.742s] running install_data
[0.742s] creating /home/ingibirka/pepsi_ws/src/py_server/install/py_server/share/ament_index
[0.742s] creating /home/ingibirka/pepsi_ws/src/py_server/install/py_server/share/ament_index/resource_index
[0.743s] creating /home/ingibirka/pepsi_ws/src/py_server/install/py_server/share/ament_index/resource_index/packages
[0.743s] copying resource/py_server -> /home/ingibirka/pepsi_ws/src/py_server/install/py_server/share/ament_index/resource_index/packages
[0.743s] copying package.xml -> /home/ingibirka/pepsi_ws/src/py_server/install/py_server/share/py_server
[0.743s] running install_egg_info
[0.744s] Copying build/py_server/py_server.egg-info to /home/ingibirka/pepsi_ws/src/py_server/install/py_server/lib/python3.10/site-packages/py_server-0.0.0-py3.10.egg-info
[0.745s] running install_scripts
[0.761s] Installing client script to /home/ingibirka/pepsi_ws/src/py_server/install/py_server/lib/py_server
[0.762s] Installing server script to /home/ingibirka/pepsi_ws/src/py_server/install/py_server/lib/py_server
[0.762s] writing list of installed files to '/home/ingibirka/pepsi_ws/src/py_server/build/py_server/install.log'
[0.779s] Invoked command in '/home/ingibirka/pepsi_ws/src/py_server' returned '0': PYTHONPATH=/home/ingibirka/pepsi_ws/src/py_server/build/py_server/prefix_override:/usr/lib/python3/dist-packages/colcon_core/task/python/colcon_distutils_commands:/home/ingibirka/pepsi_ws/src/py_server/install/py_server/lib/python3.10/site-packages:${PYTHONPATH} /usr/bin/python3 -W ignore:setup.py install is deprecated -W ignore:easy_install command is deprecated setup.py egg_info --egg-base build/py_server build --build-base /home/ingibirka/pepsi_ws/src/py_server/build/py_server/build install --record /home/ingibirka/pepsi_ws/src/py_server/build/py_server/install.log --single-version-externally-managed install_data
